<?xml version="1.0" encoding="UTF-8"?>
<!-- Generated by org.testng.reporters.JUnitReportReporter -->
<testsuite hostname="FFE-Venkata-Saiprathap" failures="0" tests="2" name="Fireflink.TC001" time="5.739" errors="0" timestamp="2024-01-29T10:44:22 IST" skipped="0">
  <testcase classname="Fireflink.TC001" name="Createuser" time="5.035"/>
  <testcase classname="Fireflink.TC001" name="listUsers" time="0.704"/>
</testsuite> <!-- Fireflink.TC001 -->
