<?xml version="1.0" encoding="UTF-8"?>
<!-- Generated by org.testng.reporters.JUnitReportReporter -->
<testsuite hostname="FFE-Venkata-Saiprathap" failures="0" tests="1" name="GitHub.CreateRepo" time="10.400" errors="0" timestamp="2024-01-29T11:48:22 IST" skipped="0">
  <testcase classname="GitHub.CreateRepo" name="CreateUser" time="10.400"/>
</testsuite> <!-- GitHub.CreateRepo -->
